[INFO] [2018-01-27 12:02:20][org.springframework.web.context.ContextLoader]Root WebApplicationContext: initialization started
[INFO] [2018-01-27 12:02:20][org.springframework.web.context.support.XmlWebApplicationContext]Refreshing Root WebApplicationContext: startup date [Sat Jan 27 12:02:20 CST 2018]; root of context hierarchy
[INFO] [2018-01-27 12:02:20][org.springframework.beans.factory.xml.XmlBeanDefinitionReader]Loading XML bean definitions from class path resource [spring-mybatis.xml]
[INFO] [2018-01-27 12:02:20][org.springframework.beans.factory.config.PropertyPlaceholderConfigurer]Loading properties file from class path resource [jdbc.properties]
[INFO] [2018-01-27 12:02:20][org.springframework.beans.factory.annotation.AutowiredAnnotationBeanPostProcessor]JSR-330 'javax.inject.Inject' annotation found and supported for autowiring
[INFO] [2018-01-27 12:02:21][org.springframework.web.context.ContextLoader]Root WebApplicationContext: initialization completed in 639 ms
[INFO] [2018-01-27 12:02:21][org.springframework.web.servlet.DispatcherServlet]FrameworkServlet 'SpringMVC': initialization started
[INFO] [2018-01-27 12:02:21][org.springframework.web.context.support.XmlWebApplicationContext]Refreshing WebApplicationContext for namespace 'SpringMVC-servlet': startup date [Sat Jan 27 12:02:21 CST 2018]; parent: Root WebApplicationContext
[INFO] [2018-01-27 12:02:21][org.springframework.beans.factory.xml.XmlBeanDefinitionReader]Loading XML bean definitions from class path resource [spring-web.xml]
[INFO] [2018-01-27 12:02:21][org.springframework.beans.factory.annotation.AutowiredAnnotationBeanPostProcessor]JSR-330 'javax.inject.Inject' annotation found and supported for autowiring
[INFO] [2018-01-27 12:02:21][org.springframework.web.servlet.handler.SimpleUrlHandlerMapping]Mapped URL path [/**] onto handler 'org.springframework.web.servlet.resource.DefaultServletHttpRequestHandler#0'
[INFO] [2018-01-27 12:02:21][org.springframework.web.servlet.mvc.method.annotation.RequestMappingHandlerMapping]Mapped "{[/getUserById],methods=[POST || GET]}" onto public java.lang.String edu.zisu.phoneMall.IndexController.getUserById(javax.servlet.http.HttpServletRequest,org.springframework.ui.Model)
[INFO] [2018-01-27 12:02:21][org.springframework.web.servlet.mvc.method.annotation.RequestMappingHandlerAdapter]Looking for @ControllerAdvice: WebApplicationContext for namespace 'SpringMVC-servlet': startup date [Sat Jan 27 12:02:21 CST 2018]; parent: Root WebApplicationContext
[INFO] [2018-01-27 12:02:21][org.springframework.web.servlet.mvc.method.annotation.RequestMappingHandlerAdapter]Looking for @ControllerAdvice: WebApplicationContext for namespace 'SpringMVC-servlet': startup date [Sat Jan 27 12:02:21 CST 2018]; parent: Root WebApplicationContext
[INFO] [2018-01-27 12:02:21][org.springframework.web.servlet.DispatcherServlet]FrameworkServlet 'SpringMVC': initialization completed in 717 ms
[INFO] [2018-01-27 12:07:33][org.springframework.web.context.ContextLoader]Root WebApplicationContext: initialization started
[INFO] [2018-01-27 12:07:33][org.springframework.web.context.support.XmlWebApplicationContext]Refreshing Root WebApplicationContext: startup date [Sat Jan 27 12:07:33 CST 2018]; root of context hierarchy
[INFO] [2018-01-27 12:07:33][org.springframework.beans.factory.xml.XmlBeanDefinitionReader]Loading XML bean definitions from class path resource [spring-mybatis.xml]
[INFO] [2018-01-27 12:07:33][org.springframework.beans.factory.config.PropertyPlaceholderConfigurer]Loading properties file from class path resource [jdbc.properties]
[INFO] [2018-01-27 12:07:33][org.springframework.beans.factory.annotation.AutowiredAnnotationBeanPostProcessor]JSR-330 'javax.inject.Inject' annotation found and supported for autowiring
[INFO] [2018-01-27 12:07:33][org.springframework.web.context.ContextLoader]Root WebApplicationContext: initialization completed in 582 ms
[INFO] [2018-01-27 12:07:33][org.springframework.web.servlet.DispatcherServlet]FrameworkServlet 'SpringMVC': initialization started
[INFO] [2018-01-27 12:07:33][org.springframework.web.context.support.XmlWebApplicationContext]Refreshing WebApplicationContext for namespace 'SpringMVC-servlet': startup date [Sat Jan 27 12:07:33 CST 2018]; parent: Root WebApplicationContext
[INFO] [2018-01-27 12:07:33][org.springframework.beans.factory.xml.XmlBeanDefinitionReader]Loading XML bean definitions from class path resource [spring-web.xml]
[INFO] [2018-01-27 12:07:34][org.springframework.beans.factory.annotation.AutowiredAnnotationBeanPostProcessor]JSR-330 'javax.inject.Inject' annotation found and supported for autowiring
[INFO] [2018-01-27 12:07:34][org.springframework.web.servlet.handler.SimpleUrlHandlerMapping]Mapped URL path [/**] onto handler 'org.springframework.web.servlet.resource.DefaultServletHttpRequestHandler#0'
[INFO] [2018-01-27 12:07:34][org.springframework.web.servlet.mvc.method.annotation.RequestMappingHandlerMapping]Mapped "{[/getUserById],methods=[POST || GET]}" onto public java.lang.String edu.zisu.phoneMall.IndexController.getUserById(javax.servlet.http.HttpServletRequest,org.springframework.ui.Model)
[INFO] [2018-01-27 12:07:34][org.springframework.web.servlet.mvc.method.annotation.RequestMappingHandlerAdapter]Looking for @ControllerAdvice: WebApplicationContext for namespace 'SpringMVC-servlet': startup date [Sat Jan 27 12:07:33 CST 2018]; parent: Root WebApplicationContext
[INFO] [2018-01-27 12:07:34][org.springframework.web.servlet.mvc.method.annotation.RequestMappingHandlerAdapter]Looking for @ControllerAdvice: WebApplicationContext for namespace 'SpringMVC-servlet': startup date [Sat Jan 27 12:07:33 CST 2018]; parent: Root WebApplicationContext
[INFO] [2018-01-27 12:07:34][org.springframework.web.servlet.DispatcherServlet]FrameworkServlet 'SpringMVC': initialization completed in 635 ms
[INFO] [2018-01-27 12:16:59][org.springframework.web.context.ContextLoader]Root WebApplicationContext: initialization started
[INFO] [2018-01-27 12:16:59][org.springframework.web.context.support.XmlWebApplicationContext]Refreshing Root WebApplicationContext: startup date [Sat Jan 27 12:16:59 CST 2018]; root of context hierarchy
[INFO] [2018-01-27 12:16:59][org.springframework.beans.factory.xml.XmlBeanDefinitionReader]Loading XML bean definitions from class path resource [spring-mybatis.xml]
[INFO] [2018-01-27 12:17:00][org.springframework.beans.factory.config.PropertyPlaceholderConfigurer]Loading properties file from class path resource [jdbc.properties]
[INFO] [2018-01-27 12:17:00][org.springframework.beans.factory.annotation.AutowiredAnnotationBeanPostProcessor]JSR-330 'javax.inject.Inject' annotation found and supported for autowiring
[INFO] [2018-01-27 12:17:00][org.springframework.web.context.ContextLoader]Root WebApplicationContext: initialization completed in 587 ms
[INFO] [2018-01-27 12:17:00][org.springframework.web.servlet.DispatcherServlet]FrameworkServlet 'SpringMVC': initialization started
[INFO] [2018-01-27 12:17:00][org.springframework.web.context.support.XmlWebApplicationContext]Refreshing WebApplicationContext for namespace 'SpringMVC-servlet': startup date [Sat Jan 27 12:17:00 CST 2018]; parent: Root WebApplicationContext
[INFO] [2018-01-27 12:17:00][org.springframework.beans.factory.xml.XmlBeanDefinitionReader]Loading XML bean definitions from class path resource [spring-web.xml]
[INFO] [2018-01-27 12:17:00][org.springframework.beans.factory.annotation.AutowiredAnnotationBeanPostProcessor]JSR-330 'javax.inject.Inject' annotation found and supported for autowiring
[INFO] [2018-01-27 12:17:00][org.springframework.web.servlet.handler.SimpleUrlHandlerMapping]Mapped URL path [/**] onto handler 'org.springframework.web.servlet.resource.DefaultServletHttpRequestHandler#0'
[INFO] [2018-01-27 12:17:00][org.springframework.web.servlet.mvc.method.annotation.RequestMappingHandlerMapping]Mapped "{[/getUserById],methods=[POST || GET]}" onto public java.lang.String edu.zisu.phoneMall.IndexController.getUserById(javax.servlet.http.HttpServletRequest,org.springframework.ui.Model)
[INFO] [2018-01-27 12:17:00][org.springframework.web.servlet.mvc.method.annotation.RequestMappingHandlerAdapter]Looking for @ControllerAdvice: WebApplicationContext for namespace 'SpringMVC-servlet': startup date [Sat Jan 27 12:17:00 CST 2018]; parent: Root WebApplicationContext
[INFO] [2018-01-27 12:17:00][org.springframework.web.servlet.mvc.method.annotation.RequestMappingHandlerAdapter]Looking for @ControllerAdvice: WebApplicationContext for namespace 'SpringMVC-servlet': startup date [Sat Jan 27 12:17:00 CST 2018]; parent: Root WebApplicationContext
[INFO] [2018-01-27 12:17:00][org.springframework.web.servlet.DispatcherServlet]FrameworkServlet 'SpringMVC': initialization completed in 716 ms
[INFO] [2018-01-27 12:18:02][org.springframework.web.context.ContextLoader]Root WebApplicationContext: initialization started
[INFO] [2018-01-27 12:18:03][org.springframework.web.context.support.XmlWebApplicationContext]Refreshing Root WebApplicationContext: startup date [Sat Jan 27 12:18:03 CST 2018]; root of context hierarchy
[INFO] [2018-01-27 12:18:03][org.springframework.beans.factory.xml.XmlBeanDefinitionReader]Loading XML bean definitions from class path resource [spring-mybatis.xml]
[INFO] [2018-01-27 12:18:03][org.springframework.beans.factory.config.PropertyPlaceholderConfigurer]Loading properties file from class path resource [jdbc.properties]
[INFO] [2018-01-27 12:18:03][org.springframework.beans.factory.annotation.AutowiredAnnotationBeanPostProcessor]JSR-330 'javax.inject.Inject' annotation found and supported for autowiring
[INFO] [2018-01-27 12:18:03][org.springframework.web.context.ContextLoader]Root WebApplicationContext: initialization completed in 644 ms
[INFO] [2018-01-27 12:18:03][org.springframework.web.servlet.DispatcherServlet]FrameworkServlet 'SpringMVC': initialization started
[INFO] [2018-01-27 12:18:03][org.springframework.web.context.support.XmlWebApplicationContext]Refreshing WebApplicationContext for namespace 'SpringMVC-servlet': startup date [Sat Jan 27 12:18:03 CST 2018]; parent: Root WebApplicationContext
[INFO] [2018-01-27 12:18:03][org.springframework.beans.factory.xml.XmlBeanDefinitionReader]Loading XML bean definitions from class path resource [spring-web.xml]
[INFO] [2018-01-27 12:18:03][org.springframework.beans.factory.annotation.AutowiredAnnotationBeanPostProcessor]JSR-330 'javax.inject.Inject' annotation found and supported for autowiring
[INFO] [2018-01-27 12:18:03][org.springframework.web.servlet.handler.SimpleUrlHandlerMapping]Mapped URL path [/**] onto handler 'org.springframework.web.servlet.resource.DefaultServletHttpRequestHandler#0'
[INFO] [2018-01-27 12:18:03][org.springframework.web.servlet.mvc.method.annotation.RequestMappingHandlerMapping]Mapped "{[/getUserById],methods=[POST || GET]}" onto public java.lang.String edu.zisu.phoneMall.IndexController.getUserById(javax.servlet.http.HttpServletRequest,org.springframework.ui.Model)
[INFO] [2018-01-27 12:18:04][org.springframework.web.servlet.mvc.method.annotation.RequestMappingHandlerAdapter]Looking for @ControllerAdvice: WebApplicationContext for namespace 'SpringMVC-servlet': startup date [Sat Jan 27 12:18:03 CST 2018]; parent: Root WebApplicationContext
[INFO] [2018-01-27 12:18:04][org.springframework.web.servlet.mvc.method.annotation.RequestMappingHandlerAdapter]Looking for @ControllerAdvice: WebApplicationContext for namespace 'SpringMVC-servlet': startup date [Sat Jan 27 12:18:03 CST 2018]; parent: Root WebApplicationContext
[INFO] [2018-01-27 12:18:04][org.springframework.web.servlet.DispatcherServlet]FrameworkServlet 'SpringMVC': initialization completed in 606 ms
[INFO] [2018-01-27 12:24:55][org.springframework.web.context.ContextLoader]Root WebApplicationContext: initialization started
[INFO] [2018-01-27 12:24:55][org.springframework.web.context.support.XmlWebApplicationContext]Refreshing Root WebApplicationContext: startup date [Sat Jan 27 12:24:55 CST 2018]; root of context hierarchy
[INFO] [2018-01-27 12:24:55][org.springframework.beans.factory.xml.XmlBeanDefinitionReader]Loading XML bean definitions from class path resource [spring-mybatis.xml]
[INFO] [2018-01-27 12:24:56][org.springframework.beans.factory.config.PropertyPlaceholderConfigurer]Loading properties file from class path resource [jdbc.properties]
[INFO] [2018-01-27 12:24:56][org.springframework.beans.factory.annotation.AutowiredAnnotationBeanPostProcessor]JSR-330 'javax.inject.Inject' annotation found and supported for autowiring
[INFO] [2018-01-27 12:24:56][org.springframework.web.context.ContextLoader]Root WebApplicationContext: initialization completed in 591 ms
[INFO] [2018-01-27 12:24:56][org.springframework.web.servlet.DispatcherServlet]FrameworkServlet 'SpringMVC': initialization started
[INFO] [2018-01-27 12:24:56][org.springframework.web.context.support.XmlWebApplicationContext]Refreshing WebApplicationContext for namespace 'SpringMVC-servlet': startup date [Sat Jan 27 12:24:56 CST 2018]; parent: Root WebApplicationContext
[INFO] [2018-01-27 12:24:56][org.springframework.beans.factory.xml.XmlBeanDefinitionReader]Loading XML bean definitions from class path resource [spring-web.xml]
[INFO] [2018-01-27 12:24:56][org.springframework.beans.factory.annotation.AutowiredAnnotationBeanPostProcessor]JSR-330 'javax.inject.Inject' annotation found and supported for autowiring
[INFO] [2018-01-27 12:24:56][org.springframework.web.servlet.handler.SimpleUrlHandlerMapping]Mapped URL path [/**] onto handler 'org.springframework.web.servlet.resource.DefaultServletHttpRequestHandler#0'
[INFO] [2018-01-27 12:24:56][org.springframework.web.servlet.mvc.method.annotation.RequestMappingHandlerMapping]Mapped "{[/getUserById],methods=[POST || GET]}" onto public java.lang.String edu.zisu.phoneMall.IndexController.getUserById(javax.servlet.http.HttpServletRequest,org.springframework.ui.Model)
[INFO] [2018-01-27 12:24:56][org.springframework.web.servlet.mvc.method.annotation.RequestMappingHandlerAdapter]Looking for @ControllerAdvice: WebApplicationContext for namespace 'SpringMVC-servlet': startup date [Sat Jan 27 12:24:56 CST 2018]; parent: Root WebApplicationContext
[INFO] [2018-01-27 12:24:56][org.springframework.web.servlet.mvc.method.annotation.RequestMappingHandlerAdapter]Looking for @ControllerAdvice: WebApplicationContext for namespace 'SpringMVC-servlet': startup date [Sat Jan 27 12:24:56 CST 2018]; parent: Root WebApplicationContext
[INFO] [2018-01-27 12:24:56][org.springframework.web.servlet.DispatcherServlet]FrameworkServlet 'SpringMVC': initialization completed in 596 ms
